Command line:
   UUT_ALU4BITS_isim_beh.exe
     -simmode  gui
     -simrunnum  0
     -socket  49206

Sun Jun 19 17:43:25 2022


 Elaboration Time: 0.015625 sec

 Current Memory Usage: 666.153 Meg

 Total Signals          : 11
 Total Nets             : 21
 Total Signal Drivers   : 6
 Total Blocks           : 5
 Total Primitive Blocks : 4
 Total Processes        : 6
 Total Traceable Variables  : 10
 Total Scalar Nets and Variables : 399
Total Line Count : 8

 Total Simulation Time: 0.015625 sec

 Current Memory Usage: 666.153 Meg

Sun Jun 19 17:53:05 2022

